<?xml version="1.0" encoding="UTF-8"?>
<!-- Generated by org.testng.reporters.JUnitReportReporter -->
<testsuite skipped="0" hostname="Alpha-PC" name="sanity.GrafanaWeb" tests="8" failures="0" timestamp="2022-06-28T21:06:31 IDT" time="46.989" errors="0">
  <testcase name="Test01_VerifyHeader" time="3.818" classname="sanity.GrafanaWeb"/>
  <system-out/>
  <testcase name="Test02_VerifyDefultUsers" time="1.976" classname="sanity.GrafanaWeb"/>
  <system-out/>
  <testcase name="Test03_VerifyNewUser" time="2.591" classname="sanity.GrafanaWeb"/>
  <system-out/>
  <testcase name="Test04_VerifyUserDeletion" time="7.117" classname="sanity.GrafanaWeb"/>
  <system-out/>
  <testcase name="Test05_verifyBasicSteps" time="0.825" classname="sanity.GrafanaWeb"/>
  <system-out/>
  <testcase name="Test07_searchUsers" time="4.634" classname="sanity.GrafanaWeb"/>
  <system-out/>
  <testcase name="Test07_searchUsers" time="12.968" classname="sanity.GrafanaWeb"/>
  <system-out/>
  <testcase name="Test07_searchUsers" time="13.060" classname="sanity.GrafanaWeb"/>
  <system-out/>
</testsuite> <!-- sanity.GrafanaWeb -->
